Arguments: 
  /usr/local/Cellar/node/8.8.1/bin/node /usr/local/Cellar/yarn/1.2.1/libexec/bin/yarn.js add react-google-maps

PATH: 
  /Users/guitavahdatinia/anaconda3/bin:/usr/bin/java:/Library/Frameworks/Python.framework/Versions/3.5/bin:/usr/local/bin:/usr/bin:/bin:/usr/sbin:/sbin:/Library/TeX/texbin:/opt/X11/bin:/Users/guitavahdatinia/anaconda3/bin:/usr/bin/java:/Library/Frameworks/Python.framework/Versions/3.5/bin:.:/Applications/microchip/xc32/v1.42/bin:/Applications/microchip/xc32/bin:.:/Applications/microchip/xc32/v1.42/bin:/Applications/microchip/xc32/bin

Yarn version: 
  1.2.1

Node version: 
  8.8.1

Platform: 
  darwin x64

npm manifest: 
  {
    "name": "marineplastics",
    "version": "0.0.1",
    "private": true,
    "homepage": "https://marineplastics.herokuapp.com",
    "devDependencies": {
      "react-scripts": "0.4.1"
    },
    "dependencies": {
      "auth0-js": "^9.3.0",
      "axios": "^0.14.0",
      "body-parser": "^1.15.2",
      "d3": "^5.4.0",
      "express": "^4.14.0",
      "foreman": "^2.0.0",
      "geolib": "^2.0.24",
      "google-map-react": "^0.32.0",
      "google-maps-react": "^2.0.2",
      "marked": "^0.3.6",
      "mongoose": "^4.6.0",
      "nodemon": "^1.10.2",
      "npm": "^5.10.0",
      "react": "^15.3.1",
      "react-dom": "^15.3.1",
      "react-easy-chart": "^1.0.0",
      "react-google-maps": "^9.4.5",
      "react-pure-render": "^1.0.2",
      "react-router-dom": "^4.2.2"
    },
    "scripts": {
      "start": "react-scripts start",
      "start-dev": "nf start -p 3000",
      "build": "react-scripts build",
      "test": "react-scripts test --env=jsdom",
      "eject": "react-scripts eject"
    },
    "eslintConfig": {
      "extends": "./node_modules/react-scripts/config/eslint.js"
    },
    "browser": {
      "fs": false
    },
    "node": {
      "fs": "empty"
    }
  }

yarn manifest: 
  No manifest

Lockfile: 
  No lockfile

Trace: 
  Error: ENOENT: no such file or directory, copyfile '/Users/guitavahdatinia/Library/Caches/Yarn/v1/npm-function-bind-1.1.1-a56899d3ea3c9bab874bb9773b7c5ede92f4895d/test/.eslintrc' -> '/Users/guitavahdatinia/Desktop/marineplastics/MarinePlastics/node_modules/function-bind/test/.eslintrc'
